2021-12-25 23:27:39 CryptoTool [ERROR] Can't load secret key!
java.io.FileNotFoundException: File '' does not exist
	at org.apache.commons.io.FileUtils.openInputStream(FileUtils.java:2115)
	at org.apache.commons.io.FileUtils.readFileToByteArray(FileUtils.java:2200)
	at com.qaprosoft.carina.core.foundation.crypto.SecretKeyManager.loadKey(SecretKeyManager.java:44)
	at com.qaprosoft.carina.core.foundation.crypto.CryptoTool.<init>(CryptoTool.java:67)
	at com.qaprosoft.carina.core.foundation.crypto.CryptoTool.<init>(CryptoTool.java:60)
	at com.qaprosoft.apitools.builder.CryptoProcessor.<clinit>(CryptoProcessor.java:29)
	at com.qaprosoft.apitools.builder.PropertiesProcessorMain.<clinit>(PropertiesProcessorMain.java:29)
	at com.qaprosoft.carina.core.foundation.api.AbstractApiMethodV2.<init>(AbstractApiMethodV2.java:76)
	at com.qaprosoft.carina.core.foundation.api.AbstractApiMethodV2.<init>(AbstractApiMethodV2.java:94)
	at com.solvd.homework21.PostRepositoryMethod.<init>(PostRepositoryMethod.java:9)
	at com.solvd.homework21.GithubTest.checkCreateRepositoryTest(GithubTest.java:60)
	at java.base/jdk.internal.reflect.NativeMethodAccessorImpl.invoke0(Native Method)
	at java.base/jdk.internal.reflect.NativeMethodAccessorImpl.invoke(NativeMethodAccessorImpl.java:62)
	at java.base/jdk.internal.reflect.DelegatingMethodAccessorImpl.invoke(DelegatingMethodAccessorImpl.java:43)
	at java.base/java.lang.reflect.Method.invoke(Method.java:566)
	at org.testng.internal.MethodInvocationHelper.invokeMethod(MethodInvocationHelper.java:133)
	at org.testng.internal.TestInvoker.invokeMethod(TestInvoker.java:598)
	at org.testng.internal.TestInvoker.invokeTestMethod(TestInvoker.java:173)
	at org.testng.internal.MethodRunner.runInSequence(MethodRunner.java:46)
	at org.testng.internal.TestInvoker$MethodInvocationAgent.invoke(TestInvoker.java:824)
	at org.testng.internal.TestInvoker.invokeTestMethods(TestInvoker.java:146)
	at org.testng.internal.TestMethodWorker.invokeTestMethods(TestMethodWorker.java:146)
	at org.testng.internal.TestMethodWorker.run(TestMethodWorker.java:128)
	at java.base/java.util.concurrent.ThreadPoolExecutor.runWorker(ThreadPoolExecutor.java:1128)
	at java.base/java.util.concurrent.ThreadPoolExecutor$Worker.run(ThreadPoolExecutor.java:628)
	at java.base/java.lang.Thread.run(Thread.java:834)
2021-12-25 23:28:35 CryptoTool [ERROR] Can't load secret key!
java.io.FileNotFoundException: File '' does not exist
	at org.apache.commons.io.FileUtils.openInputStream(FileUtils.java:2115)
	at org.apache.commons.io.FileUtils.readFileToByteArray(FileUtils.java:2200)
	at com.qaprosoft.carina.core.foundation.crypto.SecretKeyManager.loadKey(SecretKeyManager.java:44)
	at com.qaprosoft.carina.core.foundation.crypto.CryptoTool.<init>(CryptoTool.java:67)
	at com.qaprosoft.carina.core.foundation.crypto.CryptoTool.<init>(CryptoTool.java:60)
	at com.qaprosoft.apitools.builder.CryptoProcessor.<clinit>(CryptoProcessor.java:29)
	at com.qaprosoft.apitools.builder.PropertiesProcessorMain.<clinit>(PropertiesProcessorMain.java:29)
	at com.qaprosoft.carina.core.foundation.api.AbstractApiMethodV2.<init>(AbstractApiMethodV2.java:76)
	at com.qaprosoft.carina.core.foundation.api.AbstractApiMethodV2.<init>(AbstractApiMethodV2.java:94)
	at com.solvd.homework21.GetUserMethod.<init>(GetUserMethod.java:10)
	at com.solvd.homework21.GithubTest.verifyUserTest(GithubTest.java:50)
	at java.base/jdk.internal.reflect.NativeMethodAccessorImpl.invoke0(Native Method)
	at java.base/jdk.internal.reflect.NativeMethodAccessorImpl.invoke(NativeMethodAccessorImpl.java:62)
	at java.base/jdk.internal.reflect.DelegatingMethodAccessorImpl.invoke(DelegatingMethodAccessorImpl.java:43)
	at java.base/java.lang.reflect.Method.invoke(Method.java:566)
	at org.testng.internal.MethodInvocationHelper.invokeMethod(MethodInvocationHelper.java:133)
	at org.testng.internal.TestInvoker.invokeMethod(TestInvoker.java:598)
	at org.testng.internal.TestInvoker.invokeTestMethod(TestInvoker.java:173)
	at org.testng.internal.MethodRunner.runInSequence(MethodRunner.java:46)
	at org.testng.internal.TestInvoker$MethodInvocationAgent.invoke(TestInvoker.java:824)
	at org.testng.internal.TestInvoker.invokeTestMethods(TestInvoker.java:146)
	at org.testng.internal.TestMethodWorker.invokeTestMethods(TestMethodWorker.java:146)
	at org.testng.internal.TestMethodWorker.run(TestMethodWorker.java:128)
	at java.base/java.util.ArrayList.forEach(ArrayList.java:1541)
	at org.testng.TestRunner.privateRun(TestRunner.java:794)
	at org.testng.TestRunner.run(TestRunner.java:596)
	at org.testng.SuiteRunner.runTest(SuiteRunner.java:377)
	at org.testng.SuiteRunner.runSequentially(SuiteRunner.java:371)
	at org.testng.SuiteRunner.privateRun(SuiteRunner.java:332)
	at org.testng.SuiteRunner.run(SuiteRunner.java:276)
	at org.testng.SuiteRunnerWorker.runSuite(SuiteRunnerWorker.java:53)
	at org.testng.SuiteRunnerWorker.run(SuiteRunnerWorker.java:96)
	at org.testng.TestNG.runSuitesSequentially(TestNG.java:1212)
	at org.testng.TestNG.runSuitesLocally(TestNG.java:1134)
	at org.testng.TestNG.runSuites(TestNG.java:1063)
	at org.testng.TestNG.run(TestNG.java:1031)
	at com.intellij.rt.testng.IDEARemoteTestNG.run(IDEARemoteTestNG.java:66)
	at com.intellij.rt.testng.RemoteTestNGStarter.main(RemoteTestNGStarter.java:109)
2021-12-25 23:28:36 JsonValidator [INFO] JSON schema of version below or equal to draft-04 was detected
2021-12-25 23:28:37 JsonValidator [INFO] Validation against Json schema successfully passed
