<?xml version="1.0" encoding="UTF-8"?>
<testng-results ignored="0" total="6" passed="5" failed="1" skipped="0">
  <reporter-output>
  </reporter-output>
  <suite started-at="2021-12-25T23:27:39 MSK" name="github" finished-at="2021-12-25T23:27:43 MSK" duration-ms="4139">
    <groups>
    </groups>
    <test started-at="2021-12-25T23:27:39 MSK" name="githubTest" finished-at="2021-12-25T23:27:43 MSK" duration-ms="4139">
      <class name="com.solvd.homework21.GithubTest">
        <test-method signature="verifyUserTest()[pri:0, instance:com.solvd.homework21.GithubTest@550ee7e5]" started-at="2021-12-25T23:27:39 MSK" name="verifyUserTest" finished-at="2021-12-25T23:27:41 MSK" duration-ms="2174" status="FAIL">
          <exception class="java.lang.AssertionError">
            <message>
              <![CDATA[name
Expected: РђСЂС‚С‘Рј РџРµС‚СЂРѕРІ
     got: Артём Петров
]]>
            </message>
            <full-stacktrace>
              <![CDATA[java.lang.AssertionError: name
Expected: РђСЂС‚С‘Рј РџРµС‚СЂРѕРІ
     got: Артём Петров

at org.skyscreamer.jsonassert.JSONAssert.assertEquals(JSONAssert.java:482)
at org.skyscreamer.jsonassert.JSONAssert.assertEquals(JSONAssert.java:464)
at com.qaprosoft.carina.core.foundation.api.AbstractApiMethodV2.validateResponse(AbstractApiMethodV2.java:215)
at com.qaprosoft.carina.core.foundation.api.AbstractApiMethodV2.validateResponse(AbstractApiMethodV2.java:243)
at com.solvd.homework21.GithubTest.verifyUserTest(GithubTest.java:54)
at java.base/jdk.internal.reflect.NativeMethodAccessorImpl.invoke0(Native Method)
at java.base/jdk.internal.reflect.NativeMethodAccessorImpl.invoke(NativeMethodAccessorImpl.java:62)
at java.base/jdk.internal.reflect.DelegatingMethodAccessorImpl.invoke(DelegatingMethodAccessorImpl.java:43)
at java.base/java.lang.reflect.Method.invoke(Method.java:566)
at org.testng.internal.MethodInvocationHelper.invokeMethod(MethodInvocationHelper.java:133)
at org.testng.internal.TestInvoker.invokeMethod(TestInvoker.java:598)
at org.testng.internal.TestInvoker.invokeTestMethod(TestInvoker.java:173)
at org.testng.internal.MethodRunner.runInSequence(MethodRunner.java:46)
at org.testng.internal.TestInvoker$MethodInvocationAgent.invoke(TestInvoker.java:824)
at org.testng.internal.TestInvoker.invokeTestMethods(TestInvoker.java:146)
at org.testng.internal.TestMethodWorker.invokeTestMethods(TestMethodWorker.java:146)
at org.testng.internal.TestMethodWorker.run(TestMethodWorker.java:128)
at java.base/java.util.concurrent.ThreadPoolExecutor.runWorker(ThreadPoolExecutor.java:1128)
at java.base/java.util.concurrent.ThreadPoolExecutor$Worker.run(ThreadPoolExecutor.java:628)
at java.base/java.lang.Thread.run(Thread.java:834)
]]>
            </full-stacktrace>
          </exception> <!-- java.lang.AssertionError -->
          <reporter-output>
          </reporter-output>
        </test-method> <!-- verifyUserTest -->
        <test-method signature="checkCreateRepositoryTest()[pri:0, instance:com.solvd.homework21.GithubTest@550ee7e5]" started-at="2021-12-25T23:27:39 MSK" name="checkCreateRepositoryTest" finished-at="2021-12-25T23:27:42 MSK" duration-ms="2839" status="PASS">
          <reporter-output>
          </reporter-output>
        </test-method> <!-- checkCreateRepositoryTest -->
        <test-method signature="verifyRepositoryTest(com.solvd.homework21.RepositoryInfo)[pri:0, instance:com.solvd.homework21.GithubTest@550ee7e5]" started-at="2021-12-25T23:27:39 MSK" name="verifyRepositoryTest" data-provider="repositoriesDataProvider" finished-at="2021-12-25T23:27:41 MSK" duration-ms="2197" status="PASS">
          <params>
            <param index="0">
              <value>
                <![CDATA[com.solvd.homework21.RepositoryInfo@7eccd19e]]>
              </value>
            </param>
          </params>
          <reporter-output>
          </reporter-output>
        </test-method> <!-- verifyRepositoryTest -->
        <test-method signature="verifyRepositoryTest(com.solvd.homework21.RepositoryInfo)[pri:0, instance:com.solvd.homework21.GithubTest@550ee7e5]" started-at="2021-12-25T23:27:41 MSK" name="verifyRepositoryTest" data-provider="repositoriesDataProvider" finished-at="2021-12-25T23:27:41 MSK" duration-ms="465" status="PASS">
          <params>
            <param index="0">
              <value>
                <![CDATA[com.solvd.homework21.RepositoryInfo@46dd5a70]]>
              </value>
            </param>
          </params>
          <reporter-output>
          </reporter-output>
        </test-method> <!-- verifyRepositoryTest -->
        <test-method signature="checkUpdateRepositoryTest()[pri:0, instance:com.solvd.homework21.GithubTest@550ee7e5]" started-at="2021-12-25T23:27:42 MSK" name="checkUpdateRepositoryTest" finished-at="2021-12-25T23:27:42 MSK" depends-on-methods="com.solvd.homework21.GithubTest.checkCreateRepositoryTest" duration-ms="642" status="PASS">
          <reporter-output>
          </reporter-output>
        </test-method> <!-- checkUpdateRepositoryTest -->
        <test-method signature="checkDeleteRepositoryTest()[pri:0, instance:com.solvd.homework21.GithubTest@550ee7e5]" started-at="2021-12-25T23:27:42 MSK" name="checkDeleteRepositoryTest" finished-at="2021-12-25T23:27:43 MSK" depends-on-methods="com.solvd.homework21.GithubTest.checkUpdateRepositoryTest" duration-ms="611" status="PASS">
          <reporter-output>
          </reporter-output>
        </test-method> <!-- checkDeleteRepositoryTest -->
      </class> <!-- com.solvd.homework21.GithubTest -->
    </test> <!-- githubTest -->
  </suite> <!-- github -->
</testng-results>
