<?xml version="1.0" encoding="UTF-8"?>
<!-- Generated by org.testng.reporters.JUnitXMLReporter -->
<testsuite ignored="0" hostname="DESKTOP-VK5R7EG" failures="1" tests="6" name="githubTest" time="4.139" errors="0" timestamp="2021-12-25T23:27:43 MSK">
  <testcase classname="com.solvd.homework21.GithubTest" name="verifyUserTest" time="2.174">
    <failure type="java.lang.AssertionError" message="name
Expected: РђСЂС‚С‘Рј РџРµС‚СЂРѕРІ
     got: Артём Петров
">
      <![CDATA[java.lang.AssertionError: name
Expected: РђСЂС‚С‘Рј РџРµС‚СЂРѕРІ
     got: Артём Петров

at org.skyscreamer.jsonassert.JSONAssert.assertEquals(JSONAssert.java:482)
at org.skyscreamer.jsonassert.JSONAssert.assertEquals(JSONAssert.java:464)
at com.qaprosoft.carina.core.foundation.api.AbstractApiMethodV2.validateResponse(AbstractApiMethodV2.java:215)
at com.qaprosoft.carina.core.foundation.api.AbstractApiMethodV2.validateResponse(AbstractApiMethodV2.java:243)
at com.solvd.homework21.GithubTest.verifyUserTest(GithubTest.java:54)
at java.base/java.util.concurrent.ThreadPoolExecutor.runWorker(ThreadPoolExecutor.java:1128)
at java.base/java.util.concurrent.ThreadPoolExecutor$Worker.run(ThreadPoolExecutor.java:628)
at java.base/java.lang.Thread.run(Thread.java:834)
... Removed 12 stack frames]]>
    </failure>
  </testcase> <!-- verifyUserTest -->
  <testcase classname="com.solvd.homework21.GithubTest" name="verifyRepositoryTest" time="2.197"/>
  <testcase classname="com.solvd.homework21.GithubTest" name="verifyRepositoryTest" time="0.465"/>
  <testcase classname="com.solvd.homework21.GithubTest" name="checkCreateRepositoryTest" time="2.839"/>
  <testcase classname="com.solvd.homework21.GithubTest" name="checkUpdateRepositoryTest" time="0.642"/>
  <testcase classname="com.solvd.homework21.GithubTest" name="checkDeleteRepositoryTest" time="0.611"/>
</testsuite> <!-- githubTest -->
